This is LuaTeX, Version 1.16.1 (MiKTeX 23.4) (format=luatex 2023.9.27)  27 SEP 2023 12:48
 restricted system commands enabled.
**FirstTombPT.tex
(./FirstTombPT.tex
! Undefined control sequence.
l.1 \documentclass
                {article}
The control sequence at the end of the top line
of your error message was never \def'ed. If you have
misspelled it (e.g., `\hobx'), type `I' and the correct
spelling (e.g., `I\hbox'). Otherwise just continue,
and I'll forget about whatever was undefined.

! Undefined control sequence.
l.2 \usepackage
             [T1]{fontenc}
The control sequence at the end of the top line
of your error message was never \def'ed. If you have
misspelled it (e.g., `\hobx'), type `I' and the correct
spelling (e.g., `I\hbox'). Otherwise just continue,
and I'll forget about whatever was undefined.

! Undefined control sequence.
l.3 \usepackage
             [utf8]{inputenc}
The control sequence at the end of the top line
of your error message was never \def'ed. If you have
misspelled it (e.g., `\hobx'), type `I' and the correct
spelling (e.g., `I\hbox'). Otherwise just continue,
and I'll forget about whatever was undefined.

! Undefined control sequence.
l.4 \usepackage
             {amsmath,amssymb,amsfonts}
The control sequence at the end of the top line
of your error message was never \def'ed. If you have
misspelled it (e.g., `\hobx'), type `I' and the correct
spelling (e.g., `I\hbox'). Otherwise just continue,
and I'll forget about whatever was undefined.

! Undefined control sequence.
l.5 \usepackage
             [english,main=russian]{babel}
The control sequence at the end of the top line
of your error message was never \def'ed. If you have
misspelled it (e.g., `\hobx'), type `I' and the correct
spelling (e.g., `I\hbox'). Otherwise just continue,
and I'll forget about whatever was undefined.

! Undefined control sequence.
l.7 \begin
        {document}
The control sequence at the end of the top line
of your error message was never \def'ed. If you have
misspelled it (e.g., `\hobx'), type `I' and the correct
spelling (e.g., `I\hbox'). Otherwise just continue,
and I'll forget about whatever was undefined.

! Undefined control sequence.
l.9 \noindent \textbf
                   {2. Ребята решили сыграть в тайно...
The control sequence at the end of the top line
of your error message was never \def'ed. If you have
misspelled it (e.g., `\hobx'), type `I' and the correct
spelling (e.g., `I\hbox'). Otherwise just continue,
and I'll forget about whatever was undefined.

! Undefined control sequence.
l.12 \[
     
The control sequence at the end of the top line
of your error message was never \def'ed. If you have
misspelled it (e.g., `\hobx'), type `I' and the correct
spelling (e.g., `I\hbox'). Otherwise just continue,
and I'll forget about whatever was undefined.

! Undefined control sequence.
l.14   \begin
           {pmatrix}
The control sequence at the end of the top line
of your error message was never \def'ed. If you have
misspelled it (e.g., `\hobx'), type `I' and the correct
spelling (e.g., `I\hbox'). Otherwise just continue,
and I'll forget about whatever was undefined.

! Misplaced alignment tab character &.
l.15     1 &
           2 &  \ldots & n \\
I can't figure out why you would want to use a tab mark
here. If you just want an ampersand, the remedy is
simple: Just type `I\&' now. But if some right brace
up above has ended a previous alignment prematurely,
you're probably due for more error messages, and you
might try typing `S' now just to see what is salvageable.

! Misplaced alignment tab character &.
l.15     1 & 2 &
                \ldots & n \\
I can't figure out why you would want to use a tab mark
here. If you just want an ampersand, the remedy is
simple: Just type `I\&' now. But if some right brace
up above has ended a previous alignment prematurely,
you're probably due for more error messages, and you
might try typing `S' now just to see what is salvageable.

! Missing $ inserted.
<inserted text> 
$
<to be read again> 
\mathinner 
\ldots ->\mathinner 
                    {\ldotp \ldotp \ldotp }
l.15     1 & 2 &  \ldots
                       & n \\
I've inserted a begin-math/end-math symbol since I think
you left one out. Proceed, with fingers crossed.

! Misplaced alignment tab character &.
l.15     1 & 2 &  \ldots &
                         n \\
I can't figure out why you would want to use a tab mark
here. If you just want an ampersand, the remedy is
simple: Just type `I\&' now. But if some right brace
up above has ended a previous alignment prematurely,
you're probably due for more error messages, and you
might try typing `S' now just to see what is salvageable.

Runaway argument?
 k_1 & k_2 & \ldots & k_n \end {pmatrix} \] 
! Paragraph ended before \\ was complete.
<to be read again> 
\par 
l.19 
   
I suspect you've forgotten a `}', causing me to apply this
control sequence to too much text. How can we recover?
My plan is to forget the whole thing and hope for the best.

! Missing $ inserted.
<inserted text> 
$
<to be read again> 
\par 
l.19 
   
I've inserted a begin-math/end-math symbol since I think
you left one out. Proceed, with fingers crossed.

! Undefined control sequence.
l.20 \begin
         {center}
The control sequence at the end of the top line
of your error message was never \def'ed. If you have
misspelled it (e.g., `\hobx'), type `I' and the correct
spelling (e.g., `I\hbox'). Otherwise just continue,
and I'll forget about whatever was undefined.

Runaway argument?
 $k_i$ - номер ребенка, чье имя написано н\ETC.
! Paragraph ended before \\ was complete.
<to be read again> 
\par 
l.24 
   
I suspect you've forgotten a `}', causing me to apply this
control sequence to too much text. How can we recover?
My plan is to forget the whole thing and hope for the best.

! Undefined control sequence.
l.25 ...erm, что элемент $i \neq k_i \text
                                                  {, } \forall i \in \overli...
The control sequence at the end of the top line
of your error message was never \def'ed. If you have
misspelled it (e.g., `\hobx'), type `I' and the correct
spelling (e.g., `I\hbox'). Otherwise just continue,
and I'll forget about whatever was undefined.

! Undefined control sequence.
l.25 ...кториалу: $!n = n!*\sum_{k=0}^n\frac
                                                  {(-1)^k}{k!}$.
The control sequence at the end of the top line
of your error message was never \def'ed. If you have
misspelled it (e.g., `\hobx'), type `I' and the correct
spelling (e.g., `I\hbox'). Otherwise just continue,
and I'll forget about whatever was undefined.

! Undefined control sequence.
l.27 ...обходимая вероятность \[
                                                  P(n) = \frac{!n}{n!} = \su...
The control sequence at the end of the top line
of your error message was never \def'ed. If you have
misspelled it (e.g., `\hobx'), type `I' and the correct
spelling (e.g., `I\hbox'). Otherwise just continue,
and I'll forget about whatever was undefined.

! Undefined control sequence.
l.27 ...мая вероятность \[P(n) = \frac
                                                  {!n}{n!} = \sum_{k=0}^n\fr...
The control sequence at the end of the top line
of your error message was never \def'ed. If you have
misspelled it (e.g., `\hobx'), type `I' and the correct
spelling (e.g., `I\hbox'). Otherwise just continue,
and I'll forget about whatever was undefined.

! Missing $ inserted.
<inserted text> 
$
<to be read again> 
_
l.27 ...тность \[P(n) = \frac{!n}{n!} = \sum_
                                                  {k=0}^n\frac{(-1)^k}{k!}\].
I've inserted a begin-math/end-math symbol since I think
you left one out. Proceed, with fingers crossed.

! Undefined control sequence.
l.27 ... \[P(n) = \frac{!n}{n!} = \sum_{k=0}^n\frac
                                                  {(-1)^k}{k!}\].
The control sequence at the end of the top line
of your error message was never \def'ed. If you have
misspelled it (e.g., `\hobx'), type `I' and the correct
spelling (e.g., `I\hbox'). Otherwise just continue,
and I'll forget about whatever was undefined.

! Undefined control sequence.
l.27 ...ac{!n}{n!} = \sum_{k=0}^n\frac{(-1)^k}{k!}\]
                                                  .
The control sequence at the end of the top line
of your error message was never \def'ed. If you have
misspelled it (e.g., `\hobx'), type `I' and the correct
spelling (e.g., `I\hbox'). Otherwise just continue,
and I'll forget about whatever was undefined.

! Missing $ inserted.
<inserted text> 
$
<to be read again> 
\par 
l.28 
   
I've inserted a begin-math/end-math symbol since I think
you left one out. Proceed, with fingers crossed.

! Undefined control sequence.
l.29 \noindent \textbf
                    {3. Из чисел 1,2,…,N случайно выби...
The control sequence at the end of the top line
of your error message was never \def'ed. If you have
misspelled it (e.g., `\hobx'), type `I' and the correct
spelling (e.g., `I\hbox'). Otherwise just continue,
and I'll forget about whatever was undefined.

! Undefined control sequence.
l.30 \begin
         {itemize}
The control sequence at the end of the top line
of your error message was never \def'ed. If you have
misspelled it (e.g., `\hobx'), type `I' and the correct
spelling (e.g., `I\hbox'). Otherwise just continue,
and I'll forget about whatever was undefined.

! Undefined control sequence.
l.31 \item  \textbf
                  {число $a$ не делится ни на $a_{1}$ ...
The control sequence at the end of the top line
of your error message was never \def'ed. If you have
misspelled it (e.g., `\hobx'), type `I' and the correct
spelling (e.g., `I\hbox'). Otherwise just continue,
and I'll forget about whatever was undefined.

! Undefined control sequence.
l.33 Пусть $c_1 = [\frac
                           {N}{a_1}] \text{(целая часть $\frac{N}{...
The control sequence at the end of the top line
of your error message was never \def'ed. If you have
misspelled it (e.g., `\hobx'), type `I' and the correct
spelling (e.g., `I\hbox'). Otherwise just continue,
and I'll forget about whatever was undefined.

! Undefined control sequence.
l.33 Пусть $c_1 = [\frac{N}{a_1}] \text
                                          {(целая часть $\frac{N}{...
The control sequence at the end of the top line
of your error message was never \def'ed. If you have
misspelled it (e.g., `\hobx'), type `I' and the correct
spelling (e.g., `I\hbox'). Otherwise just continue,
and I'll forget about whatever was undefined.

! Missing } inserted.
<inserted text> 
}
<to be read again> 
$
l.33 ...frac{N}{a_1}] \text{(целая часть $
                                                  \frac{N}{a_1}$), } c_2 = [...
I've inserted something that you may have forgotten.
(See the <inserted text> above.)
With luck, this will get me unwedged. But if you
really didn't forget anything, try typing `2' now; then
my insertion and my current dilemma will both disappear.

Missing character: There is no ц (U+0446) in font cmmi10!
Missing character: There is no ц (U+0446) in font cmmi10!
Missing character: There is no е (U+0435) in font cmmi10!
Missing character: There is no е (U+0435) in font cmmi10!
Missing character: There is no л (U+043B) in font cmmi10!
Missing character: There is no л (U+043B) in font cmmi10!
Missing character: There is no а (U+0430) in font cmmi10!
Missing character: There is no а (U+0430) in font cmmi10!
Missing character: There is no я (U+044F) in font cmmi10!
Missing character: There is no я (U+044F) in font cmmi10!
Missing character: There is no ч (U+0447) in font cmmi10!
Missing character: There is no ч (U+0447) in font cmmi10!
Missing character: There is no а (U+0430) in font cmmi10!
Missing character: There is no а (U+0430) in font cmmi10!
Missing character: There is no с (U+0441) in font cmmi10!
Missing character: There is no с (U+0441) in font cmmi10!
Missing character: There is no т (U+0442) in font cmmi10!
Missing character: There is no т (U+0442) in font cmmi10!
Missing character: There is no ь (U+044C) in font cmmi10!
! Undefined control sequence.
l.33 ...N}{a_1}] \text{(целая часть $\frac
                                                  {N}{a_1}$), } c_2 = [\frac...
The control sequence at the end of the top line
of your error message was never \def'ed. If you have
misspelled it (e.g., `\hobx'), type `I' and the correct
spelling (e.g., `I\hbox'). Otherwise just continue,
and I'll forget about whatever was undefined.

! Missing $ inserted.
<inserted text> 
$
<to be read again> 
_
l.33 ...}] \text{(целая часть $\frac{N}{a_
                                                  1}$), } c_2 = [\frac{N}{a_...
I've inserted a begin-math/end-math symbol since I think
you left one out. Proceed, with fingers crossed.

! Extra }, or forgotten $.
l.33 ... \text{(целая часть $\frac{N}{a_1}
                                                  $), } c_2 = [\frac{N}{a_2}...
I've deleted a group-closing symbol because it seems to be
spurious, as in `$x}$'. But perhaps the } is legitimate and
you forgot something else, as in `\hbox{$x}'. In such cases
the way to recover is to insert both the forgotten and the
deleted material, e.g., by typing `I$}'.

! Missing $ inserted.
<inserted text> 
$
<to be read again> 
_
l.33 ...целая часть $\frac{N}{a_1}$), } c_
                                                  2 = [\frac{N}{a_2}]$ - он...
I've inserted a begin-math/end-math symbol since I think
you left one out. Proceed, with fingers crossed.

! Undefined control sequence.
l.33 ... часть $\frac{N}{a_1}$), } c_2 = [\frac
                                                  {N}{a_2}]$ - они ото...
The control sequence at the end of the top line
of your error message was never \def'ed. If you have
misspelled it (e.g., `\hobx'), type `I' and the correct
spelling (e.g., `I\hbox'). Otherwise just continue,
and I'll forget about whatever was undefined.

! Undefined control sequence.
l.35 Тогда $P_N = \frac
                          {N - c_1}{N} * \frac{N - c_2}{N}$.
The control sequence at the end of the top line
of your error message was never \def'ed. If you have
misspelled it (e.g., `\hobx'), type `I' and the correct
spelling (e.g., `I\hbox'). Otherwise just continue,
and I'll forget about whatever was undefined.

! Undefined control sequence.
l.35 Тогда $P_N = \frac{N - c_1}{N} * \frac
                                              {N - c_2}{N}$.
The control sequence at the end of the top line
of your error message was never \def'ed. If you have
misspelled it (e.g., `\hobx'), type `I' and the correct
spelling (e.g., `I\hbox'). Otherwise just continue,
and I'll forget about whatever was undefined.

! Undefined control sequence.
l.37 \begin
         {align}
The control sequence at the end of the top line
of your error message was never \def'ed. If you have
misspelled it (e.g., `\hobx'), type `I' and the correct
spelling (e.g., `I\hbox'). Otherwise just continue,
and I'll forget about whatever was undefined.

! Missing $ inserted.
<inserted text> 
$
<to be read again> 
\mathop 
\lim ->\mathop 
               {\rm lim}
l.38 \lim
       _{N \to \infty}P_{N} = \lim_{N \to \infty} (\frac{N - c_1}{N} * \frac...
I've inserted a begin-math/end-math symbol since I think
you left one out. Proceed, with fingers crossed.

! Undefined control sequence.
l.38 ...to \infty}P_{N} = \lim_{N \to \infty} (\frac
                                                  {N - c_1}{N} * \frac{N - c...
The control sequence at the end of the top line
of your error message was never \def'ed. If you have
misspelled it (e.g., `\hobx'), type `I' and the correct
spelling (e.g., `I\hbox'). Otherwise just continue,
and I'll forget about whatever was undefined.

! Undefined control sequence.
l.38 ...im_{N \to \infty} (\frac{N - c_1}{N} * \frac
                                                  {N - c_2}{N}) \leq \text{[...
The control sequence at the end of the top line
of your error message was never \def'ed. If you have
misspelled it (e.g., `\hobx'), type `I' and the correct
spelling (e.g., `I\hbox'). Otherwise just continue,
and I'll forget about whatever was undefined.

! Undefined control sequence.
l.38 ...{N - c_1}{N} * \frac{N - c_2}{N}) \leq \text
                                                  {[т.к. $c_1 \leq \frac{N...
The control sequence at the end of the top line
of your error message was never \def'ed. If you have
misspelled it (e.g., `\hobx'), type `I' and the correct
spelling (e.g., `I\hbox'). Otherwise just continue,
and I'll forget about whatever was undefined.

! Missing } inserted.
<inserted text> 
}
<to be read again> 
$
l.38 ...N} * \frac{N - c_2}{N}) \leq \text{[т.к. $
                                                  c_1 \leq \frac{N}{a_1}$, $...
I've inserted something that you may have forgotten.
(See the <inserted text> above.)
With luck, this will get me unwedged. But if you
really didn't forget anything, try typing `2' now; then
my insertion and my current dilemma will both disappear.

Missing character: There is no т (U+0442) in font cmmi10!
Missing character: There is no т (U+0442) in font cmmi10!
Missing character: There is no к (U+043A) in font cmmi10!
Missing character: There is no к (U+043A) in font cmmi10!
! Missing $ inserted.
<inserted text> 
$
<to be read again> 
_
l.38 ... * \frac{N - c_2}{N}) \leq \text{[т.к. $c_
                                                  1 \leq \frac{N}{a_1}$, $c_...
I've inserted a begin-math/end-math symbol since I think
you left one out. Proceed, with fingers crossed.

! Undefined control sequence.
l.38 ... c_2}{N}) \leq \text{[т.к. $c_1 \leq \frac
                                                  {N}{a_1}$, $c_2 \leq \frac...
The control sequence at the end of the top line
of your error message was never \def'ed. If you have
misspelled it (e.g., `\hobx'), type `I' and the correct
spelling (e.g., `I\hbox'). Otherwise just continue,
and I'll forget about whatever was undefined.

! Undefined control sequence.
l.38 .... $c_1 \leq \frac{N}{a_1}$, $c_2 \leq \frac
                                                  {N}{a_2}$]} \leq \lim_{N \...
The control sequence at the end of the top line
of your error message was never \def'ed. If you have
misspelled it (e.g., `\hobx'), type `I' and the correct
spelling (e.g., `I\hbox'). Otherwise just continue,
and I'll forget about whatever was undefined.

! Too many }'s.
l.38 ...q \frac{N}{a_1}$, $c_2 \leq \frac{N}{a_2}$]}
                                                   \leq \lim_{N \to \infty} ...
You've closed more groups than you opened.
Such booboos are generally harmless, so keep going.

! Missing $ inserted.
<inserted text> 
$
<to be read again> 
\mathop 
\lim ->\mathop 
               {\rm lim}
l.38 ...{a_1}$, $c_2 \leq \frac{N}{a_2}$]} \leq \lim
                                                  _{N \to \infty} (\frac{N -...
I've inserted a begin-math/end-math symbol since I think
you left one out. Proceed, with fingers crossed.

! Undefined control sequence.
l.38 ...c{N}{a_2}$]} \leq \lim_{N \to \infty} (\frac
                                                  {N - \frac{N}{a_1}}{N} * \...
The control sequence at the end of the top line
of your error message was never \def'ed. If you have
misspelled it (e.g., `\hobx'), type `I' and the correct
spelling (e.g., `I\hbox'). Otherwise just continue,
and I'll forget about whatever was undefined.

! Undefined control sequence.
l.38 ...]} \leq \lim_{N \to \infty} (\frac{N - \frac
                                                  {N}{a_1}}{N} * \frac{N - \...
The control sequence at the end of the top line
of your error message was never \def'ed. If you have
misspelled it (e.g., `\hobx'), type `I' and the correct
spelling (e.g., `I\hbox'). Otherwise just continue,
and I'll forget about whatever was undefined.

! Undefined control sequence.
l.38 ...\infty} (\frac{N - \frac{N}{a_1}}{N} * \frac
                                                  {N - \frac{N}{a_2}}{N} = \\
The control sequence at the end of the top line
of your error message was never \def'ed. If you have
misspelled it (e.g., `\hobx'), type `I' and the correct
spelling (e.g., `I\hbox'). Otherwise just continue,
and I'll forget about whatever was undefined.

! Undefined control sequence.
l.38 ...frac{N - \frac{N}{a_1}}{N} * \frac{N - \frac
                                                  {N}{a_2}}{N} = \\
The control sequence at the end of the top line
of your error message was never \def'ed. If you have
misspelled it (e.g., `\hobx'), type `I' and the correct
spelling (e.g., `I\hbox'). Otherwise just continue,
and I'll forget about whatever was undefined.

Runaway argument?
 = (1 - \frac {1}{a_1}) * (1 - \frac {1}{a_2}) \end {align} \end {ite\ETC.
! Paragraph ended before \\ was complete.
<to be read again> 
\par 
l.42 
   
I suspect you've forgotten a `}', causing me to apply this
control sequence to too much text. How can we recover?
My plan is to forget the whole thing and hope for the best.

! Missing $ inserted.
<inserted text> 
$
<to be read again> 
\par 
l.42 
   
I've inserted a begin-math/end-math symbol since I think
you left one out. Proceed, with fingers crossed.

[1{C:/Users/green/AppData/Local/MiKTeX/fonts/map/pdftex/pdftex.map}
Missing character: There is no Р (U+0420) in font cmr10!
Missing character: There is no е (U+0435) in font cmr10!
Missing character: There is no б (U+0431) in font cmr10!
Missing character: There is no я (U+044F) in font cmr10!
Missing character: There is no т (U+0442) in font cmr10!
Missing character: There is no а (U+0430) in font cmr10!
Missing character: There is no р (U+0440) in font cmr10!
Missing character: There is no е (U+0435) in font cmr10!
Missing character: There is no ш (U+0448) in font cmr10!
Missing character: There is no и (U+0438) in font cmr10!
Missing character: There is no л (U+043B) in font cmr10!
Missing character: There is no и (U+0438) in font cmr10!
Missing character: There is no с (U+0441) in font cmr10!
Missing character: There is no ы (U+044B) in font cmr10!
Missing character: There is no г (U+0433) in font cmr10!
Missing character: There is no р (U+0440) in font cmr10!
Missing character: There is no а (U+0430) in font cmr10!
Missing character: There is no т (U+0442) in font cmr10!
Missing character: There is no ь (U+044C) in font cmr10!
Missing character: There is no в (U+0432) in font cmr10!
Missing character: There is no т (U+0442) in font cmr10!
Missing character: There is no а (U+0430) in font cmr10!
Missing character: There is no й (U+0439) in font cmr10!
Missing character: There is no н (U+043D) in font cmr10!
Missing character: There is no о (U+043E) in font cmr10!
Missing character: There is no г (U+0433) in font cmr10!
Missing character: There is no о (U+043E) in font cmr10!
Missing character: There is no с (U+0441) in font cmr10!
Missing character: There is no а (U+0430) in font cmr10!
Missing character: There is no н (U+043D) in font cmr10!
Missing character: There is no т (U+0442) in font cmr10!
Missing character: There is no у (U+0443) in font cmr10!
Missing character: There is no О (U+041E) in font cmr10!
Missing character: There is no н (U+043D) in font cmr10!
Missing character: There is no и (U+0438) in font cmr10!
Missing character: There is no н (U+043D) in font cmr10!
Missing character: There is no а (U+0430) in font cmr10!
Missing character: There is no п (U+043F) in font cmr10!
Missing character: There is no и (U+0438) in font cmr10!
Missing character: There is no с (U+0441) in font cmr10!
Missing character: There is no а (U+0430) in font cmr10!
Missing character: There is no л (U+043B) in font cmr10!
Missing character: There is no и (U+0438) in font cmr10!
Missing character: There is no с (U+0441) in font cmr10!
Missing character: There is no в (U+0432) in font cmr10!
Missing character: There is no о (U+043E) in font cmr10!
Missing character: There is no и (U+0438) in font cmr10!
Missing character: There is no и (U+0438) in font cmr10!
Missing character: There is no м (U+043C) in font cmr10!
Missing character: There is no е (U+0435) in font cmr10!
Missing character: There is no н (U+043D) in font cmr10!
Missing character: There is no а (U+0430) in font cmr10!
Missing character: There is no н (U+043D) in font cmr10!
Missing character: There is no а (U+0430) in font cmr10!
Missing character: There is no б (U+0431) in font cmr10!
Missing character: There is no у (U+0443) in font cmr10!
Missing character: There is no м (U+043C) in font cmr10!
Missing character: There is no а (U+0430) in font cmr10!
Missing character: There is no ж (U+0436) in font cmr10!
Missing character: There is no к (U+043A) in font cmr10!
Missing character: There is no а (U+0430) in font cmr10!
Missing character: There is no х (U+0445) in font cmr10!
Missing character: There is no и (U+0438) in font cmr10!
Missing character: There is no с (U+0441) in font cmr10!
Missing character: There is no л (U+043B) in font cmr10!
Missing character: There is no о (U+043E) in font cmr10!
Missing character: There is no ж (U+0436) in font cmr10!
Missing character: There is no и (U+0438) in font cmr10!
Missing character: There is no л (U+043B) in font cmr10!
Missing character: There is no и (U+0438) in font cmr10!
Missing character: There is no в (U+0432) in font cmr10!
Missing character: There is no ш (U+0448) in font cmr10!
Missing character: There is no л (U+043B) in font cmr10!
Missing character: There is no я (U+044F) in font cmr10!
Missing character: There is no п (U+043F) in font cmr10!
Missing character: There is no у (U+0443) in font cmr10!
Missing character: There is no а (U+0430) in font cmr10!
Missing character: There is no с (U+0441) in font cmr10!
Missing character: There is no е (U+0435) in font cmr10!
Missing character: There is no й (U+0439) in font cmr10!
Missing character: There is no ч (U+0447) in font cmr10!
Missing character: There is no а (U+0430) in font cmr10!
Missing character: There is no с (U+0441) in font cmr10!
Missing character: There is no в (U+0432) in font cmr10!
Missing character: There is no ы (U+044B) in font cmr10!
Missing character: There is no т (U+0442) in font cmr10!
Missing character: There is no я (U+044F) in font cmr10!
Missing character: There is no г (U+0433) in font cmr10!
Missing character: There is no и (U+0438) in font cmr10!
Missing character: There is no в (U+0432) in font cmr10!
Missing character: There is no а (U+0430) in font cmr10!
Missing character: There is no ю (U+044E) in font cmr10!
Missing character: There is no т (U+0442) in font cmr10!
Missing character: There is no и (U+0438) in font cmr10!
Missing character: There is no м (U+043C) in font cmr10!
Missing character: There is no е (U+0435) in font cmr10!
Missing character: There is no н (U+043D) in font cmr10!
Missing character: There is no а (U+0430) in font cmr10!
Missing character: There is no ч (U+0447) in font cmr10!
Missing character: There is no е (U+0435) in font cmr10!
Missing character: There is no л (U+043B) in font cmr10!
Missing character: There is no о (U+043E) in font cmr10!
Missing character: There is no в (U+0432) in font cmr10!
Missing character: There is no е (U+0435) in font cmr10!
Missing character: There is no к (U+043A) in font cmr10!
Missing character: There is no а (U+0430) in font cmr10!
Missing character: There is no к (U+043A) in font cmr10!
Missing character: There is no о (U+043E) in font cmr10!
Missing character: There is no м (U+043C) in font cmr10!
Missing character: There is no у (U+0443) in font cmr10!
Missing character: There is no о (U+043E) in font cmr10!
Missing character: There is no н (U+043D) in font cmr10!
Missing character: There is no и (U+0438) in font cmr10!
Missing character: There is no б (U+0431) in font cmr10!
Missing character: There is no у (U+0443) in font cmr10!
Missing character: There is no д (U+0434) in font cmr10!
Missing character: There is no у (U+0443) in font cmr10!
Missing character: There is no т (U+0442) in font cmr10!
Missing character: There is no д (U+0434) in font cmr10!
Missing character: There is no а (U+0430) in font cmr10!
Missing character: There is no р (U+0440) in font cmr10!
Missing character: There is no и (U+0438) in font cmr10!
Missing character: There is no т (U+0442) in font cmr10!
Missing character: There is no ь (U+044C) in font cmr10!
Missing character: There is no п (U+043F) in font cmr10!
Missing character: There is no о (U+043E) in font cmr10!
Missing character: There is no д (U+0434) in font cmr10!
Missing character: There is no а (U+0430) in font cmr10!
Missing character: There is no р (U+0440) in font cmr10!
Missing character: There is no о (U+043E) in font cmr10!
Missing character: There is no к (U+043A) in font cmr10!
Missing character: There is no К (U+041A) in font cmr10!
Missing character: There is no а (U+0430) in font cmr10!
Missing character: There is no к (U+043A) in font cmr10!
Missing character: There is no о (U+043E) in font cmr10!
Missing character: There is no в (U+0432) in font cmr10!
Missing character: There is no а (U+0430) in font cmr10!
Missing character: There is no в (U+0432) in font cmr10!
Missing character: There is no е (U+0435) in font cmr10!
Missing character: There is no р (U+0440) in font cmr10!
Missing character: There is no о (U+043E) in font cmr10!
Missing character: There is no я (U+044F) in font cmr10!
Missing character: There is no т (U+0442) in font cmr10!
Missing character: There is no н (U+043D) in font cmr10!
Missing character: There is no о (U+043E) in font cmr10!
Missing character: There is no с (U+0441) in font cmr10!
Missing character: There is no т (U+0442) in font cmr10!
Missing character: There is no ь (U+044C) in font cmr10!
Missing character: There is no т (U+0442) in font cmr10!
Missing character: There is no о (U+043E) in font cmr10!
Missing character: There is no г (U+0433) in font cmr10!
Missing character: There is no о (U+043E) in font cmr10!
Missing character: There is no ч (U+0447) in font cmr10!
Missing character: There is no т (U+0442) in font cmr10!
Missing character: There is no о (U+043E) in font cmr10!
Missing character: There is no н (U+043D) in font cmr10!
Missing character: There is no и (U+0438) in font cmr10!
Missing character: There is no к (U+043A) in font cmr10!
Missing character: There is no т (U+0442) in font cmr10!
Missing character: There is no о (U+043E) in font cmr10!
Missing character: There is no н (U+043D) in font cmr10!
Missing character: There is no е (U+0435) in font cmr10!
Missing character: There is no в (U+0432) in font cmr10!
Missing character: There is no ы (U+044B) in font cmr10!
Missing character: There is no т (U+0442) in font cmr10!
Missing character: There is no я (U+044F) in font cmr10!
Missing character: There is no н (U+043D) in font cmr10!
Missing character: There is no е (U+0435) in font cmr10!
Missing character: There is no т (U+0442) in font cmr10!
Missing character: There is no с (U+0441) in font cmr10!
Missing character: There is no в (U+0432) in font cmr10!
Missing character: There is no о (U+043E) in font cmr10!
Missing character: There is no е (U+0435) in font cmr10!
Missing character: There is no ж (U+0436) in font cmr10!
Missing character: There is no е (U+0435) in font cmr10!
Missing character: There is no и (U+0438) in font cmr10!
Missing character: There is no м (U+043C) in font cmr10!
Missing character: There is no я (U+044F) in font cmr10!
Missing character: There is no П (U+041F) in font cmr10!
Missing character: There is no у (U+0443) in font cmr10!
Missing character: There is no с (U+0441) in font cmr10!
Missing character: There is no т (U+0442) in font cmr10!
Missing character: There is no ь (U+044C) in font cmr10!
Missing character: There is no к (U+043A) in font cmr10!
Missing character: There is no о (U+043E) in font cmr10!
Missing character: There is no л (U+043B) in font cmr10!
Missing character: There is no и (U+0438) in font cmr10!
Missing character: There is no ч (U+0447) in font cmr10!
Missing character: There is no е (U+0435) in font cmr10!
Missing character: There is no с (U+0441) in font cmr10!
Missing character: There is no т (U+0442) in font cmr10!
Missing character: There is no в (U+0432) in font cmr10!
Missing character: There is no о (U+043E) in font cmr10!
Missing character: There is no р (U+0440) in font cmr10!
Missing character: There is no е (U+0435) in font cmr10!
Missing character: There is no б (U+0431) in font cmr10!
Missing character: There is no я (U+044F) in font cmr10!
Missing character: There is no т (U+0442) in font cmr10!
Missing character: There is no п (U+043F) in font cmr10!
Missing character: There is no р (U+0440) in font cmr10!
Missing character: There is no о (U+043E) in font cmr10!
Missing character: There is no н (U+043D) in font cmr10!
Missing character: There is no у (U+0443) in font cmr10!
Missing character: There is no м (U+043C) in font cmr10!
Missing character: There is no е (U+0435) in font cmr10!
Missing character: There is no р (U+0440) in font cmr10!
Missing character: There is no у (U+0443) in font cmr10!
Missing character: There is no е (U+0435) in font cmr10!
Missing character: There is no м (U+043C) in font cmr10!
Missing character: There is no и (U+0438) in font cmr10!
Missing character: There is no х (U+0445) in font cmr10!
Missing character: There is no о (U+043E) in font cmr10!
Missing character: There is no т (U+0442) in font cmr10!
Missing character: There is no д (U+0434) in font cmr10!
Missing character: There is no о (U+043E) in font cmr10!
Missing character: There is no П (U+041F) in font cmr10!
Missing character: There is no р (U+0440) in font cmr10!
Missing character: There is no е (U+0435) in font cmr10!
Missing character: There is no д (U+0434) in font cmr10!
Missing character: There is no п (U+043F) in font cmr10!
Missing character: There is no о (U+043E) in font cmr10!
Missing character: There is no л (U+043B) in font cmr10!
Missing character: There is no о (U+043E) in font cmr10!
Missing character: There is no ж (U+0436) in font cmr10!
Missing character: There is no и (U+0438) in font cmr10!
Missing character: There is no м (U+043C) in font cmr10!
Missing character: There is no ч (U+0447) in font cmr10!
Missing character: There is no т (U+0442) in font cmr10!
Missing character: There is no о (U+043E) in font cmr10!
Missing character: There is no п (U+043F) in font cmr10!
Missing character: There is no о (U+043E) in font cmr10!
Missing character: There is no и (U+0438) in font cmr10!
Missing character: There is no м (U+043C) in font cmr10!
Missing character: There is no е (U+0435) in font cmr10!
Missing character: There is no н (U+043D) in font cmr10!
Missing character: There is no и (U+0438) in font cmr10!
Missing character: There is no м (U+043C) in font cmr10!
Missing character: There is no о (U+043E) in font cmr10!
Missing character: There is no ж (U+0436) in font cmr10!
Missing character: There is no н (U+043D) in font cmr10!
Missing character: There is no о (U+043E) in font cmr10!
Missing character: There is no о (U+043E) in font cmr10!
Missing character: There is no д (U+0434) in font cmr10!
Missing character: There is no н (U+043D) in font cmr10!
Missing character: There is no о (U+043E) in font cmr10!
Missing character: There is no з (U+0437) in font cmr10!
Missing character: There is no н (U+043D) in font cmr10!
Missing character: There is no а (U+0430) in font cmr10!
Missing character: There is no ч (U+0447) in font cmr10!
Missing character: There is no н (U+043D) in font cmr10!
Missing character: There is no о (U+043E) in font cmr10!
Missing character: There is no о (U+043E) in font cmr10!
Missing character: There is no п (U+043F) in font cmr10!
Missing character: There is no р (U+0440) in font cmr10!
Missing character: There is no е (U+0435) in font cmr10!
Missing character: There is no д (U+0434) in font cmr10!
Missing character: There is no е (U+0435) in font cmr10!
Missing character: There is no л (U+043B) in font cmr10!
Missing character: There is no и (U+0438) in font cmr10!
Missing character: There is no т (U+0442) in font cmr10!
Missing character: There is no ь (U+044C) in font cmr10!
Missing character: There is no р (U+0440) in font cmr10!
Missing character: There is no е (U+0435) in font cmr10!
Missing character: There is no б (U+0431) in font cmr10!
Missing character: There is no е (U+0435) in font cmr10!
Missing character: There is no н (U+043D) in font cmr10!
Missing character: There is no к (U+043A) in font cmr10!
Missing character: There is no а (U+0430) in font cmr10!
Missing character: There is no н (U+043D) in font cmr10!
Missing character: There is no о (U+043E) in font cmr10!
Missing character: There is no м (U+043C) in font cmr10!
Missing character: There is no е (U+0435) in font cmr10!
Missing character: There is no р (U+0440) in font cmr10!
Missing character: There is no р (U+0440) in font cmr10!
Missing character: There is no е (U+0435) in font cmr10!
Missing character: There is no б (U+0431) in font cmr10!
Missing character: There is no е (U+0435) in font cmr10!
Missing character: There is no н (U+043D) in font cmr10!
Missing character: There is no к (U+043A) in font cmr10!
Missing character: There is no а (U+0430) in font cmr10!
Missing character: There is no к (U+043A) in font cmr10!
Missing character: There is no о (U+043E) in font cmr10!
Missing character: There is no т (U+0442) in font cmr10!
Missing character: There is no о (U+043E) in font cmr10!
Missing character: There is no р (U+0440) in font cmr10!
Missing character: There is no ы (U+044B) in font cmr10!
Missing character: There is no й (U+0439) in font cmr10!
Missing character: There is no в (U+0432) in font cmr10!
Missing character: There is no ы (U+044B) in font cmr10!
Missing character: There is no т (U+0442) in font cmr10!
Missing character: There is no я (U+044F) in font cmr10!
Missing character: There is no г (U+0433) in font cmr10!
Missing character: There is no и (U+0438) in font cmr10!
Missing character: There is no в (U+0432) in font cmr10!
Missing character: There is no а (U+0430) in font cmr10!
Missing character: There is no е (U+0435) in font cmr10!
Missing character: There is no т (U+0442) in font cmr10!
Missing character: There is no б (U+0431) in font cmr10!
Missing character: There is no у (U+0443) in font cmr10!
Missing character: There is no м (U+043C) in font cmr10!
Missing character: There is no а (U+0430) in font cmr10!
Missing character: There is no ж (U+0436) in font cmr10!
Missing character: There is no к (U+043A) in font cmr10!
Missing character: There is no у (U+0443) in font cmr10!
Missing character: There is no П (U+041F) in font cmr10!
Missing character: There is no е (U+0435) in font cmr10!
Missing character: There is no р (U+0440) in font cmr10!
Missing character: There is no е (U+0435) in font cmr10!
Missing character: There is no ф (U+0444) in font cmr10!
Missing character: There is no о (U+043E) in font cmr10!
Missing character: There is no р (U+0440) in font cmr10!
Missing character: There is no м (U+043C) in font cmr10!
Missing character: There is no у (U+0443) in font cmr10!
Missing character: There is no л (U+043B) in font cmr10!
Missing character: There is no и (U+0438) in font cmr10!
Missing character: There is no р (U+0440) in font cmr10!
Missing character: There is no у (U+0443) in font cmr10!
Missing character: There is no е (U+0435) in font cmr10!
Missing character: There is no м (U+043C) in font cmr10!
Missing character: There is no у (U+0443) in font cmr10!
Missing character: There is no с (U+0441) in font cmr10!
Missing character: There is no л (U+043B) in font cmr10!
Missing character: There is no о (U+043E) in font cmr10!
Missing character: There is no в (U+0432) in font cmr10!
Missing character: There is no и (U+0438) in font cmr10!
Missing character: There is no е (U+0435) in font cmr10!
Missing character: There is no з (U+0437) in font cmr10!
Missing character: There is no а (U+0430) in font cmr10!
Missing character: There is no д (U+0434) in font cmr10!
Missing character: There is no а (U+0430) in font cmr10!
Missing character: There is no ч (U+0447) in font cmr10!
Missing character: There is no и (U+0438) in font cmr10!
Missing character: There is no н (U+043D) in font cmr10!
Missing character: There is no е (U+0435) in font cmr10!
Missing character: There is no о (U+043E) in font cmr10!
Missing character: There is no б (U+0431) in font cmr10!
Missing character: There is no х (U+0445) in font cmr10!
Missing character: There is no о (U+043E) in font cmr10!
Missing character: There is no д (U+0434) in font cmr10!
Missing character: There is no и (U+0438) in font cmr10!
Missing character: There is no м (U+043C) in font cmr10!
Missing character: There is no о (U+043E) in font cmr10!
Missing character: There is no н (U+043D) in font cmr10!
Missing character: There is no а (U+0430) in font cmr10!
Missing character: There is no й (U+0439) in font cmr10!
Missing character: There is no т (U+0442) in font cmr10!
Missing character: There is no и (U+0438) in font cmr10!
Missing character: There is no в (U+0432) in font cmr10!
Missing character: There is no е (U+0435) in font cmr10!
Missing character: There is no р (U+0440) in font cmr10!
Missing character: There is no о (U+043E) in font cmr10!
Missing character: There is no я (U+044F) in font cmr10!
Missing character: There is no т (U+0442) in font cmr10!
Missing character: There is no н (U+043D) in font cmr10!
Missing character: There is no о (U+043E) in font cmr10!
Missing character: There is no с (U+0441) in font cmr10!
Missing character: There is no т (U+0442) in font cmr10!
Missing character: There is no ь (U+044C) in font cmr10!
Missing character: There is no т (U+0442) in font cmr10!
Missing character: There is no а (U+0430) in font cmr10!
Missing character: There is no к (U+043A) in font cmr10!
Missing character: There is no о (U+043E) in font cmr10!
Missing character: There is no й (U+0439) in font cmr10!
Missing character: There is no п (U+043F) in font cmr10!
Missing character: There is no е (U+0435) in font cmr10!
Missing character: There is no р (U+0440) in font cmr10!
Missing character: There is no е (U+0435) in font cmr10!
Missing character: There is no с (U+0441) in font cmr10!
Missing character: There is no т (U+0442) in font cmr10!
Missing character: There is no а (U+0430) in font cmr10!
Missing character: There is no н (U+043D) in font cmr10!
Missing character: There is no о (U+043E) in font cmr10!
Missing character: There is no в (U+0432) in font cmr10!
Missing character: There is no к (U+043A) in font cmr10!
Missing character: There is no и (U+0438) in font cmr10!
Missing character: There is no ч (U+0447) in font cmr10!
Missing character: There is no т (U+0442) in font cmr10!
Missing character: There is no о (U+043E) in font cmr10!
Missing character: There is no э (U+044D) in font cmr10!
Missing character: There is no л (U+043B) in font cmr10!
Missing character: There is no е (U+0435) in font cmr10!
Missing character: There is no м (U+043C) in font cmr10!
Missing character: There is no е (U+0435) in font cmr10!
Missing character: There is no н (U+043D) in font cmr10!
Missing character: There is no т (U+0442) in font cmr10!
Missing character: There is no Т (U+0422) in font cmr10!
Missing character: There is no а (U+0430) in font cmr10!
Missing character: There is no к (U+043A) in font cmr10!
Missing character: There is no а (U+0430) in font cmr10!
Missing character: There is no я (U+044F) in font cmr10!
Missing character: There is no п (U+043F) in font cmr10!
Missing character: There is no е (U+0435) in font cmr10!
Missing character: There is no р (U+0440) in font cmr10!
Missing character: There is no е (U+0435) in font cmr10!
Missing character: There is no с (U+0441) in font cmr10!
Missing character: There is no т (U+0442) in font cmr10!
Missing character: There is no а (U+0430) in font cmr10!
Missing character: There is no н (U+043D) in font cmr10!
Missing character: There is no о (U+043E) in font cmr10!
Missing character: There is no в (U+0432) in font cmr10!
Missing character: There is no к (U+043A) in font cmr10!
Missing character: There is no а (U+0430) in font cmr10!
Missing character: There is no п (U+043F) in font cmr10!
Missing character: There is no е (U+0435) in font cmr10!
Missing character: There is no р (U+0440) in font cmr10!
Missing character: There is no е (U+0435) in font cmr10!
Missing character: There is no с (U+0441) in font cmr10!
Missing character: There is no т (U+0442) in font cmr10!
Missing character: There is no а (U+0430) in font cmr10!
Missing character: There is no н (U+043D) in font cmr10!
Missing character: There is no о (U+043E) in font cmr10!
Missing character: There is no в (U+0432) in font cmr10!
Missing character: There is no к (U+043A) in font cmr10!
Missing character: There is no а (U+0430) in font cmr10!
Missing character: There is no б (U+0431) in font cmr10!
Missing character: There is no е (U+0435) in font cmr10!
Missing character: There is no з (U+0437) in font cmr10!
Missing character: There is no н (U+043D) in font cmr10!
Missing character: There is no е (U+0435) in font cmr10!
Missing character: There is no п (U+043F) in font cmr10!
Missing character: There is no о (U+043E) in font cmr10!
Missing character: There is no д (U+0434) in font cmr10!
Missing character: There is no в (U+0432) in font cmr10!
Missing character: There is no и (U+0438) in font cmr10!
Missing character: There is no ж (U+0436) in font cmr10!
Missing character: There is no н (U+043D) in font cmr10!
Missing character: There is no ы (U+044B) in font cmr10!
Missing character: There is no х (U+0445) in font cmr10!
Missing character: There is no т (U+0442) in font cmr10!
Missing character: There is no о (U+043E) in font cmr10!
Missing character: There is no ч (U+0447) in font cmr10!
Missing character: There is no е (U+0435) in font cmr10!
Missing character: There is no к (U+043A) in font cmr10!
Missing character: There is no и (U+0438) in font cmr10!
Missing character: There is no и (U+0438) in font cmr10!
Missing character: There is no х (U+0445) in font cmr10!
Missing character: There is no ч (U+0447) in font cmr10!
Missing character: There is no и (U+0438) in font cmr10!
Missing character: There is no с (U+0441) in font cmr10!
Missing character: There is no л (U+043B) in font cmr10!
Missing character: There is no о (U+043E) in font cmr10!
Missing character: There is no р (U+0440) in font cmr10!
Missing character: There is no а (U+0430) in font cmr10!
Missing character: There is no в (U+0432) in font cmr10!
Missing character: There is no н (U+043D) in font cmr10!
Missing character: There is no о (U+043E) in font cmr10!
Missing character: There is no с (U+0441) in font cmr10!
Missing character: There is no у (U+0443) in font cmr10!
Missing character: There is no б (U+0431) in font cmr10!
Missing character: There is no ф (U+0444) in font cmr10!
Missing character: There is no а (U+0430) in font cmr10!
Missing character: There is no к (U+043A) in font cmr10!
Missing character: There is no т (U+0442) in font cmr10!
Missing character: There is no о (U+043E) in font cmr10!
Missing character: There is no р (U+0440) in font cmr10!
Missing character: There is no и (U+0438) in font cmr10!
Missing character: There is no а (U+0430) in font cmr10!
Missing character: There is no л (U+043B) in font cmr10!
Missing character: There is no у (U+0443) in font cmr10!
Missing character: There is no К (U+041A) in font cmr10!
Missing character: There is no о (U+043E) in font cmr10!
Missing character: There is no л (U+043B) in font cmr10!
Missing character: There is no и (U+0438) in font cmr10!
Missing character: There is no ч (U+0447) in font cmr10!
Missing character: There is no е (U+0435) in font cmr10!
Missing character: There is no с (U+0441) in font cmr10!
Missing character: There is no т (U+0442) in font cmr10!
Missing character: There is no в (U+0432) in font cmr10!
Missing character: There is no о (U+043E) in font cmr10!
Missing character: There is no в (U+0432) in font cmr10!
Missing character: There is no с (U+0441) in font cmr10!
Missing character: There is no е (U+0435) in font cmr10!
Missing character: There is no х (U+0445) in font cmr10!
Missing character: There is no п (U+043F) in font cmr10!
Missing character: There is no е (U+0435) in font cmr10!
Missing character: There is no р (U+0440) in font cmr10!
Missing character: There is no е (U+0435) in font cmr10!
Missing character: There is no с (U+0441) in font cmr10!
Missing character: There is no т (U+0442) in font cmr10!
Missing character: There is no а (U+0430) in font cmr10!
Missing character: There is no н (U+043D) in font cmr10!
Missing character: There is no о (U+043E) in font cmr10!
Missing character: There is no в (U+0432) in font cmr10!
Missing character: There is no о (U+043E) in font cmr10!
Missing character: There is no к (U+043A) in font cmr10!
Missing character: There is no З (U+0417) in font cmr10!
Missing character: There is no н (U+043D) in font cmr10!
Missing character: There is no а (U+0430) in font cmr10!
Missing character: There is no ч (U+0447) in font cmr10!
Missing character: There is no и (U+0438) in font cmr10!
Missing character: There is no т (U+0442) in font cmr10!
Missing character: There is no н (U+043D) in font cmr10!
Missing character: There is no е (U+0435) in font cmr10!
Missing character: There is no о (U+043E) in font cmr10!
Missing character: There is no б (U+0431) in font cmr10!
Missing character: There is no х (U+0445) in font cmr10!
Missing character: There is no о (U+043E) in font cmr10!
Missing character: There is no д (U+0434) in font cmr10!
Missing character: There is no и (U+0438) in font cmr10!
Missing character: There is no м (U+043C) in font cmr10!
Missing character: There is no а (U+0430) in font cmr10!
Missing character: There is no я (U+044F) in font cmr10!
Missing character: There is no в (U+0432) in font cmr10!
Missing character: There is no е (U+0435) in font cmr10!
Missing character: There is no р (U+0440) in font cmr10!
Missing character: There is no о (U+043E) in font cmr10!
Missing character: There is no я (U+044F) in font cmr10!
Missing character: There is no т (U+0442) in font cmr10!
Missing character: There is no н (U+043D) in font cmr10!
Missing character: There is no о (U+043E) in font cmr10!
Missing character: There is no с (U+0441) in font cmr10!
Missing character: There is no т (U+0442) in font cmr10!
Missing character: There is no ь (U+044C) in font cmr10!
Missing character: There is no И (U+0418) in font cmr10!
Missing character: There is no з (U+0437) in font cmr10!
Missing character: There is no ч (U+0447) in font cmr10!
Missing character: There is no и (U+0438) in font cmr10!
Missing character: There is no с (U+0441) in font cmr10!
Missing character: There is no е (U+0435) in font cmr10!
Missing character: There is no л (U+043B) in font cmr10!
Missing character: There is no   (U+00A0) in font cmr10!
Missing character: There is no … (U+2026) in font cmr10!
Missing character: There is no с (U+0441) in font cmr10!
Missing character: There is no л (U+043B) in font cmr10!
Missing character: There is no у (U+0443) in font cmr10!
Missing character: There is no ч (U+0447) in font cmr10!
Missing character: There is no а (U+0430) in font cmr10!
Missing character: There is no й (U+0439) in font cmr10!
Missing character: There is no н (U+043D) in font cmr10!
Missing character: There is no о (U+043E) in font cmr10!
Missing character: There is no в (U+0432) in font cmr10!
Missing character: There is no ы (U+044B) in font cmr10!
Missing character: There is no б (U+0431) in font cmr10!
Missing character: There is no и (U+0438) in font cmr10!
Missing character: There is no р (U+0440) in font cmr10!
Missing character: There is no а (U+0430) in font cmr10!
Missing character: There is no е (U+0435) in font cmr10!
Missing character: There is no т (U+0442) in font cmr10!
Missing character: There is no с (U+0441) in font cmr10!
Missing character: There is no я (U+044F) in font cmr10!
Missing character: There is no ч (U+0447) in font cmr10!
Missing character: There is no и (U+0438) in font cmr10!
Missing character: There is no с (U+0441) in font cmr10!
Missing character: There is no л (U+043B) in font cmr10!
Missing character: There is no о (U+043E) in font cmr10!
Missing character: There is no   (U+00A0) in font cmr10!
Missing character: There is no Н (U+041D) in font cmr10!
Missing character: There is no а (U+0430) in font cmr10!
Missing character: There is no й (U+0439) in font cmr10!
Missing character: There is no т (U+0442) in font cmr10!
Missing character: There is no и (U+0438) in font cmr10!
Missing character: There is no в (U+0432) in font cmr10!
Missing character: There is no е (U+0435) in font cmr10!
Missing character: There is no р (U+0440) in font cmr10!
Missing character: There is no о (U+043E) in font cmr10!
Missing character: There is no я (U+044F) in font cmr10!
Missing character: There is no т (U+0442) in font cmr10!
Missing character: There is no н (U+043D) in font cmr10!
Missing character: There is no о (U+043E) in font cmr10!
Missing character: There is no с (U+0441) in font cmr10!
Missing character: There is no т (U+0442) in font cmr10!
Missing character: There is no ь (U+044C) in font cmr10!
Missing character: There is no   (U+00A0) in font cmr10!
Missing character: There is no   (U+00A0) in font cmr10!
Missing character: There is no т (U+0442) in font cmr10!
Missing character: There is no о (U+043E) in font cmr10!
Missing character: There is no г (U+0433) in font cmr10!
Missing character: There is no о (U+043E) in font cmr10!
Missing character: There is no ч (U+0447) in font cmr10!
Missing character: There is no т (U+0442) in font cmr10!
Missing character: There is no о (U+043E) in font cmr10!
Missing character: There is no Н (U+041D) in font cmr10!
Missing character: There is no а (U+0430) in font cmr10!
Missing character: There is no й (U+0439) in font cmr10!
Missing character: There is no т (U+0442) in font cmr10!
Missing character: There is no и (U+0438) in font cmr10!
Missing character: There is no д (U+0434) in font cmr10!
Missing character: There is no л (U+043B) in font cmr10!
Missing character: There is no я (U+044F) in font cmr10!
Missing character: There is no к (U+043A) in font cmr10!
Missing character: There is no а (U+0430) in font cmr10!
Missing character: There is no ж (U+0436) in font cmr10!
Missing character: There is no д (U+0434) in font cmr10!
Missing character: There is no о (U+043E) in font cmr10!
Missing character: There is no г (U+0433) in font cmr10!
Missing character: There is no о (U+043E) in font cmr10!
Missing character: There is no с (U+0441) in font cmr10!
Missing character: There is no л (U+043B) in font cmr10!
Missing character: There is no у (U+0443) in font cmr10!
Missing character: There is no ч (U+0447) in font cmr10!
Missing character: There is no а (U+0430) in font cmr10!
Missing character: There is no я (U+044F) in font cmr10!
Missing character: There is no   (U+00A0) in font cmr10!
Missing character: There is no   (U+00A0) in font cmr10!
Missing character: There is no ч (U+0447) in font cmr10!
Missing character: There is no и (U+0438) in font cmr10!
Missing character: There is no с (U+0441) in font cmr10!
Missing character: There is no л (U+043B) in font cmr10!
Missing character: There is no о (U+043E) in font cmr10!
Missing character: There is no   (U+00A0) in font cmr10!
Missing character: There is no   (U+00A0) in font cmr10!
Missing character: There is no н (U+043D) in font cmr10!
Missing character: There is no е (U+0435) in font cmr10!
Missing character: There is no д (U+0434) in font cmr10!
Missing character: There is no е (U+0435) in font cmr10!
Missing character: There is no л (U+043B) in font cmr10!
Missing character: There is no и (U+0438) in font cmr10!
Missing character: There is no т (U+0442) in font cmr10!
Missing character: There is no с (U+0441) in font cmr10!
Missing character: There is no я (U+044F) in font cmr10!
Missing character: There is no н (U+043D) in font cmr10!
Missing character: There is no и (U+0438) in font cmr10!
Missing character: There is no н (U+043D) in font cmr10!
Missing character: There is no а (U+0430) in font cmr10!
Missing character: There is no   (U+00A0) in font cmr10!
Missing character: There is no   (U+00A0) in font cmr10!
Missing character: There is no н (U+043D) in font cmr10!
Missing character: There is no и (U+0438) in font cmr10!
Missing character: There is no н (U+043D) in font cmr10!
Missing character: There is no а (U+0430) in font cmr10!
Missing character: There is no   (U+00A0) in font cmr10!
Missing character: There is no г (U+0433) in font cmr10!
Missing character: There is no д (U+0434) in font cmr10!
Missing character: There is no е (U+0435) in font cmr10!
Missing character: There is no   (U+00A0) in font cmr10!
Missing character: There is no   (U+00A0) in font cmr10!
Missing character: There is no и (U+0438) in font cmr10!
Missing character: There is no   (U+00A0) in font cmr10!
Missing character: There is no   (U+00A0) in font cmr10!
Missing character: There is no — (U+2014) in font cmr10!
Missing character: There is no ф (U+0444) in font cmr10!
Missing character: There is no и (U+0438) in font cmr10!
Missing character: There is no к (U+043A) in font cmr10!
Missing character: There is no с (U+0441) in font cmr10!
Missing character: There is no и (U+0438) in font cmr10!
Missing character: There is no р (U+0440) in font cmr10!
Missing character: There is no о (U+043E) in font cmr10!
Missing character: There is no в (U+0432) in font cmr10!
Missing character: There is no а (U+0430) in font cmr10!
Missing character: There is no н (U+043D) in font cmr10!
Missing character: There is no н (U+043D) in font cmr10!
Missing character: There is no ы (U+044B) in font cmr10!
Missing character: There is no е (U+0435) in font cmr10!
Missing character: There is no н (U+043D) in font cmr10!
Missing character: There is no а (U+0430) in font cmr10!
Missing character: There is no т (U+0442) in font cmr10!
Missing character: There is no у (U+0443) in font cmr10!
Missing character: There is no р (U+0440) in font cmr10!
Missing character: There is no а (U+0430) in font cmr10!
Missing character: There is no л (U+043B) in font cmr10!
Missing character: There is no ь (U+044C) in font cmr10!
Missing character: There is no н (U+043D) in font cmr10!
Missing character: There is no ы (U+044B) in font cmr10!
Missing character: There is no е (U+0435) in font cmr10!
Missing character: There is no в (U+0432) in font cmr10!
Missing character: There is no з (U+0437) in font cmr10!
Missing character: There is no а (U+0430) in font cmr10!
Missing character: There is no и (U+0438) in font cmr10!
Missing character: There is no м (U+043C) in font cmr10!
Missing character: There is no н (U+043D) in font cmr10!
Missing character: There is no о (U+043E) in font cmr10!
Missing character: There is no п (U+043F) in font cmr10!
Missing character: There is no р (U+0440) in font cmr10!
Missing character: There is no о (U+043E) in font cmr10!
Missing character: There is no с (U+0441) in font cmr10!
Missing character: There is no т (U+0442) in font cmr10!
Missing character: There is no ы (U+044B) in font cmr10!
Missing character: There is no е (U+0435) in font cmr10!
Missing character: There is no ч (U+0447) in font cmr10!
Missing character: There is no и (U+0438) in font cmr10!
Missing character: There is no с (U+0441) in font cmr10!
Missing character: There is no л (U+043B) in font cmr10!
Missing character: There is no а (U+0430) in font cmr10!
Missing character: There is no П (U+041F) in font cmr10!
Missing character: There is no у (U+0443) in font cmr10!
Missing character: There is no с (U+0441) in font cmr10!
Missing character: There is no т (U+0442) in font cmr10!
Missing character: There is no ь (U+044C) in font cmr10!
Missing character: There is no о (U+043E) in font cmr10!
Missing character: There is no н (U+043D) in font cmr10!
Missing character: There is no и (U+0438) in font cmr10!
Missing character: There is no о (U+043E) in font cmr10!
Missing character: There is no т (U+0442) in font cmr10!
Missing character: There is no о (U+043E) in font cmr10!
Missing character: There is no б (U+0431) in font cmr10!
Missing character: There is no р (U+0440) in font cmr10!
Missing character: There is no а (U+0430) in font cmr10!
Missing character: There is no ж (U+0436) in font cmr10!
Missing character: There is no а (U+0430) in font cmr10!
Missing character: There is no ю (U+044E) in font cmr10!
Missing character: There is no т (U+0442) in font cmr10!
Missing character: There is no к (U+043A) in font cmr10!
Missing character: There is no а (U+0430) in font cmr10!
Missing character: There is no к (U+043A) in font cmr10!
Missing character: There is no о (U+043E) in font cmr10!
Missing character: There is no е (U+0435) in font cmr10!
Missing character: There is no к (U+043A) in font cmr10!
Missing character: There is no о (U+043E) in font cmr10!
Missing character: There is no л (U+043B) in font cmr10!
Missing character: There is no и (U+0438) in font cmr10!
Missing character: There is no ч (U+0447) in font cmr10!
Missing character: There is no е (U+0435) in font cmr10!
Missing character: There is no с (U+0441) in font cmr10!
Missing character: There is no т (U+0442) in font cmr10!
Missing character: There is no в (U+0432) in font cmr10!
Missing character: There is no о (U+043E) in font cmr10!
Missing character: There is no ч (U+0447) in font cmr10!
Missing character: There is no и (U+0438) in font cmr10!
Missing character: There is no с (U+0441) in font cmr10!
Missing character: There is no е (U+0435) in font cmr10!
Missing character: There is no л (U+043B) in font cmr10!
Missing character: There is no м (U+043C) in font cmr10!
Missing character: There is no е (U+0435) in font cmr10!
Missing character: There is no ж (U+0436) in font cmr10!
Missing character: There is no д (U+0434) in font cmr10!
Missing character: There is no у (U+0443) in font cmr10!
Missing character: There is no и (U+0438) in font cmr10!
Missing character: There is no д (U+0434) in font cmr10!
Missing character: There is no е (U+0435) in font cmr10!
Missing character: There is no л (U+043B) in font cmr10!
Missing character: There is no я (U+044F) in font cmr10!
Missing character: There is no т (U+0442) in font cmr10!
Missing character: There is no с (U+0441) in font cmr10!
Missing character: There is no я (U+044F) in font cmr10!
Missing character: There is no н (U+043D) in font cmr10!
Missing character: There is no а (U+0430) in font cmr10!
Missing character: There is no и (U+0438) in font cmr10!
Missing character: There is no с (U+0441) in font cmr10!
Missing character: There is no о (U+043E) in font cmr10!
Missing character: There is no о (U+043E) in font cmr10!
Missing character: There is no т (U+0442) in font cmr10!
Missing character: There is no в (U+0432) in font cmr10!
Missing character: There is no е (U+0435) in font cmr10!
Missing character: There is no т (U+0442) in font cmr10!
Missing character: There is no с (U+0441) in font cmr10!
Missing character: There is no т (U+0442) in font cmr10!
Missing character: There is no в (U+0432) in font cmr10!
Missing character: There is no е (U+0435) in font cmr10!
Missing character: There is no н (U+043D) in font cmr10!
Missing character: There is no н (U+043D) in font cmr10!
Missing character: There is no о (U+043E) in font cmr10!
Missing character: There is no Т (U+0422) in font cmr10!
Missing character: There is no о (U+043E) in font cmr10!
Missing character: There is no г (U+0433) in font cmr10!
Missing character: There is no д (U+0434) in font cmr10!
Missing character: There is no а (U+0430) in font cmr10!
])<D:/MiKTeX/fonts/type1/public/amsfonts/cm/cmex10.pfb><D:/MiKTeX/fonts/type1/pu
blic/amsfonts/cm/cmmi10.pfb><D:/MiKTeX/fonts/type1/public/amsfonts/cm/cmmi7.pfb>
<D:/MiKTeX/fonts/type1/public/amsfonts/cm/cmr10.pfb><D:/MiKTeX/fonts/type1/publi
c/amsfonts/cm/cmr7.pfb><D:/MiKTeX/fonts/type1/public/amsfonts/cm/cmsy10.pfb><D:/
MiKTeX/fonts/type1/public/amsfonts/cm/cmsy7.pfb>
Output written on FirstTombPT.pdf (1 page, 69252 bytes).

PDF statistics: 34 PDF objects out of 1000 (max. 8388607)
 0 named destinations out of 1000 (max. 131072)
 1 words of extra memory for PDF output out of 10000 (max. 100000000)

